                Time          Cycles PC       Instr    Mnemonic
              208000               5 80000080 0100006f jal              x0, 16             
              228000              15 80000090 7458b037 lui              x0, 0x7458b000     
              240000              21 80000094 a7b00013 addi             x0, x0, -1413      
              242000              22 80000098 00000093 addi             x1, x0, 0            x1=00000000
              244000              23 8000009a 00000113 addi             x2, x0, 0            x2=00000000
              282000              42 8000009c 800001b7 lui              x3, 0x80000000       x3=80000000
              304000              53 800000a0 00000213 addi             x4, x0, 0            x4=00000000
              306000              54 800000a2 00c00293 addi             x5, x0, 12           x5=0000000c
              316000              59 800000a4 00f00313 addi             x6, x0, 15           x6=0000000f
              318000              60 800000a6 00e00393 addi             x7, x0, 14           x7=0000000e
              338000              70 800000a8 c31a8437 lui              x8, 0xc31a8000       x8=c31a8000
              346000              74 800000ac a7c40413 addi             x8, x8, -1412        x8=c31a7a7c  x8:c31a8000
              348000              75 800000b0 00000493 addi             x9, x0, 0            x9=00000000
              350000              76 800000b2 00e00513 addi             x10, x0, 14         x10=0000000e
              352000              77 800000b4 00000593 addi             x11, x0, 0          x11=00000000
              362000              82 800000b6 fb23d637 lui              x12, 0xfb23d000     x12=fb23d000
              384000              93 800000ba 38f60613 addi             x12, x12, 911       x12=fb23d38f x12:fb23d000
              386000              94 800000be 00e00693 addi             x13, x0, 14         x13=0000000e
              404000             103 800000c0 80000737 lui              x14, 0x80000000     x14=80000000
              416000             109 800000c4 f0ed77b7 lui              x15, 0xf0ed7000     x15=f0ed7000
              420000             111 800000c8 ba678793 addi             x15, x15, -1114     x15=f0ed6ba6 x15:f0ed7000
              442000             122 800000cc 80000837 lui              x16, 0x80000000     x16=80000000
              464000             133 800000d0 00c00893 addi             x17, x0, 12         x17=0000000c
              466000             134 800000d2 00100913 addi             x18, x0, 1          x18=00000001
              468000             135 800000d4 fc0209b7 lui              x19, 0xfc020000     x19=fc020000
              492000             147 800000d8 55198993 addi             x19, x19, 1361      x19=fc020551 x19:fc020000
              494000             148 800000dc 00a00a13 addi             x20, x0, 10         x20=0000000a
              496000             149 800000de 80000ab7 lui              x21, 0x80000000     x21=80000000
              512000             157 800000e2 80000b37 lui              x22, 0x80000000     x22=80000000
              514000             158 800000e6 00700b93 addi             x23, x0, 7          x23=00000007
              534000             168 800000e8 5c3e7c37 lui              x24, 0x5c3e7000     x24=5c3e7000
              592000             197 800000ec 0f4c0c13 addi             x24, x24, 244       x24=5c3e70f4 x24:5c3e7000
              640000             221 800000f0 00000c93 addi             x25, x0, 0          x25=00000000
              676000             239 800000f2 80000d37 lui              x26, 0x80000000     x26=80000000
              682000             242 800000f6 80000db7 lui              x27, 0x80000000     x27=80000000
              704000             253 800000fa 80000e37 lui              x28, 0x80000000     x28=80000000
              706000             254 800000fe 00000e93 addi             x29, x0, 0          x29=00000000
              724000             263 80000100 1e871f37 lui              x30, 0x1e871000     x30=1e871000
              746000             274 80000104 e76f0f13 addi             x30, x30, -394      x30=1e870e76 x30:1e871000
              768000             285 80000108 f6a82fb7 lui              x31, 0xf6a82000     x31=f6a82000
              786000             294 8000010c 97df8f93 addi             x31, x31, -1667     x31=f6a8197d x31:f6a82000
              808000             305 80000110 00015217 auipc            x4, 0x15000          x4=80015110
              810000             306 80000114 d0c20213 addi             x4, x4, -756         x4=80014e1c  x4:80015110
              814000             308 80000118 0000c517 auipc            x10, 0xc000         x10=8000c118
              846000             324 8000011c ee850513 addi             x10, x10, -280      x10=8000c000 x10:8000c118
              868000             335 80000120 30551073 csrrw            x0, x10, 0x305      x10:8000c000
              872000             337 80000124 00000517 auipc            x10, 0x0            x10=80000124
              918000             360 80000128 00e50513 addi             x10, x10, 14        x10=80000132 x10:80000124
              926000             364 8000012c 34151073 csrrw            x0, x10, 0x341      x10:80000132
              938000             370 80000130 5020006f jal              x0, 1282           
             1008000             405 80000632 00202537 lui              x10, 0x202000       x10=00202000
             1068000             435 80000636 90050513 addi             x10, x10, -1792     x10=00201900 x10:00202000
             1074000             438 8000063a 30051073 csrrw            x0, x10, 0x300      x10:00201900
             1110000             456 8000063e 30200073 mret                                
             1174000             488 80000132 0000b117 auipc            x2, 0xb000           x2=8000b132
             1224000             513 80000136 cea10113 addi             x2, x2, -790         x2=8000ae1c  x2:8000b132
             1226000             514 8000013a 8989a537 lui              x10, 0x8989a000     x10=8989a000
             1282000             542 8000013e 4b32e417 auipc            x8, 0x4b32e000       x8=cb32e13e
             1284000             543 80000142 00c69693 slli             x13, x13, 0xc       x13=0000e000 x13:0000000e
             1304000             553 80000144 01d29533 sll              x10, x5, x29        x10=0000000c  x5:0000000c x29:00000000
             1308000             555 80000148 00a90913 addi             x18, x18, 10        x18=0000000b x18:00000001
             1310000             556 8000014a c24cbdb7 lui              x27, 0xc24cb000     x27=c24cb000
             1314000             558 8000014e 1fa67897 auipc            x17, 0x1fa67000     x17=9fa6714e
             1316000             559 80000152 017f0f13 addi             x30, x30, 23        x30=1e870e8d x30:1e870e76
             1336000             569 80000154 004e8e93 addi             x29, x29, 4         x29=00000004 x29:00000000
             1342000             572 80000156 00000f17 auipc            x30, 0x0            x30=80000156
             1348000             575 8000015a 070f0f13 addi             x30, x30, 112       x30=800001c6 x30:80000156
             1350000             576 8000015e 01965613 srli             x12, x12, 0x19      x12=0000007d x12:fb23d38f
             1352000             577 80000160 41a55513 srai             x10, x10, 0x41a     x10=00000000 x10:0000000c
             1354000             578 80000162 fe8a8a93 addi             x21, x21, -24       x21=7fffffe8 x21:80000000
             1382000             592 80000164 e11f0f13 addi             x30, x30, -495      x30=7fffffd7 x30:800001c6
             1398000             600 80000168 014f1563 bne              x30, x20, 10        x30:7fffffd7 x20:0000000a
             1466000             634 80000172 1eff00e7 jalr             x1, x30, 495         x1=80000176 x30:7fffffd7
             1534000             668 800001c6 00c25263 bge              x4, x12, 4           x4:80014e1c x12:0000007d
             1546000             674 800001ca fd410113 addi             x2, x2, -44          x2=8000adf0  x2:8000ae1c
             1548000             675 800001ce 00112223 sw               x1, 4(x2)            x1:80000176  x2:8000adf0  PA:8000adf4
             1572000             687 800001d0 40e7d793 srai             x15, x15, 0x40e     x15=ffffc3b5 x15:f0ed6ba6
             1574000             688 800001d2 00512423 sw               x5, 8(x2)            x5:0000000c  x2:8000adf0  PA:8000adf8
             1618000             710 800001d4 01f12623 sw               x31, 12(x2)         x31:f6a8197d  x2:8000adf0  PA:8000adfc
             1658000             730 800001d6 01612823 sw               x22, 16(x2)         x22:80000000  x2:8000adf0  PA:8000ae00
             1670000             736 800001d8 01912a23 sw               x25, 20(x2)         x25:00000000  x2:8000adf0  PA:8000ae04
             1706000             754 800001da 01dddbb3 srl              x23, x27, x29       x23=0c24cb00 x27:c24cb000 x29:00000004
             1708000             755 800001de 00712c23 sw               x7, 24(x2)           x7:0000000e  x2:8000adf0  PA:8000ae08
             1714000             758 800001e0 01c12e23 sw               x28, 28(x2)         x28:80000000  x2:8000adf0  PA:8000ae0c
             1738000             770 800001e2 2cf55797 auipc            x15, 0x2cf55000     x15=acf551e2
             1840000             821 800001e6 0267e8b3 rem              x17, x15, x6        x17=fffffff4 x15:acf551e2  x6:0000000f
             1842000             822 800001ea 03312023 sw               x19, 32(x2)         x19:fc020551  x2:8000adf0  PA:8000ae10
             1846000             824 800001ec 40e65613 srai             x12, x12, 0x40e     x12=00000000 x12:0000007d
             1848000             825 800001ee ff048493 addi             x9, x9, -16          x9=fffffff0  x9:00000000
             1854000             828 800001f0 02388f33 mul              x30, x17, x3        x30=00000000 x17:fffffff4  x3:80000000
             1886000             844 800001f4 60522a17 auipc            x20, 0x60522000     x20=e05221f4
             1944000             873 800001f8 feed0d13 addi             x26, x26, -18       x26=7fffffee x26:80000000
             1946000             874 800001fa 01bf0f13 addi             x30, x30, 27        x30=0000001b x30:00000000
             1974000             888 800001fc 65f0a917 auipc            x18, 0x65f0a000     x18=e5f0a1fc
             2002000             902 80000200 0126d693 srli             x13, x13, 0x12      x13=00000000 x13:0000e000
             2018000             910 80000202 01bbee63 bltu             x23, x27, 28        x23:0c24cb00 x27:c24cb000
             2082000             942 8000021e 01600d33 add              x26, x0, x22        x26=80000000 x22:80000000
             2130000             966 80000220 0252f063 bgeu             x5, x5, 32           x5:0000000c  x5:0000000c
             2152000             977 80000240 336b6db7 lui              x27, 0x336b6000     x27=336b6000
             2154000             978 80000244 39142937 lui              x18, 0x39142000     x18=39142000
             2176000             989 80000248 ffd50513 addi             x10, x10, -3        x10=fffffffd x10:00000000
             2178000             990 8000024a 01c71713 slli             x14, x14, 0x1c      x14=00000000 x14:80000000
             2198000            1000 8000024c 8d690497 auipc            x9, 0x8d690000       x9=0d69024c
             2220000            1011 80000250 00006437 lui              x8, 0x6000           x8=00006000
             2222000            1012 80000252 00718193 addi             x3, x3, 7            x3=80000007  x3:80000000
             2230000            1016 80000254 00000013 nop                                 
             2232000            1017 80000256 010a8a93 addi             x21, x21, 16        x21=7ffffff8 x21:7fffffe8
             2234000            1018 80000258 fe55f593 andi             x11, x11, -27       x11=00000000 x11:00000000
             2236000            1019 8000025a ff550513 addi             x10, x10, -11       x10=fffffff2 x10:fffffffd
             2278000            1040 8000025c 0077d793 srli             x15, x15, 0x7       x15=0159eaa3 x15:acf551e2
             2294000            1048 8000025e d9d36813 ori              x16, x6, -611       x16=fffffd9f  x6:0000000f
             2296000            1049 80000262 00989893 slli             x17, x17, 0x9       x17=ffffe800 x17:fffffff4
             2306000            1054 80000264 fe5d8d93 addi             x27, x27, -27       x27=336b5fe5 x27:336b6000
             2308000            1055 80000266 4145d593 srai             x11, x11, 0x414     x11=00000000 x11:00000000
             2310000            1056 80000268 01f51513 slli             x10, x10, 0x1f      x10=00000000 x10:fffffff2
             2312000            1057 8000026a f965f813 andi             x16, x11, -106      x16=00000000 x11:00000000
             2324000            1063 8000026e f334d017 auipc            x0, 0xf334d000     
             2326000            1064 80000272 01155513 srli             x10, x10, 0x11      x10=00000000 x10:00000000
             2346000            1074 80000274 4076d693 srai             x13, x13, 0x407     x13=00000000 x13:00000000
             2348000            1075 80000276 012d1d13 slli             x26, x26, 0x12      x26=00000000 x26:80000000
             2364000            1083 80000278 52547717 auipc            x14, 0x52547000     x14=d2547278
             2366000            1084 8000027c 00fc0c13 addi             x24, x24, 15        x24=5c3e7103 x24:5c3e70f4
             2368000            1085 8000027e 00e88893 addi             x17, x17, 14        x17=ffffe80e x17:ffffe800
             2370000            1086 80000280 02aacb63 blt              x21, x10, 54        x21:7ffffff8 x10:00000000
             2380000            1091 80000284 000086b7 lui              x13, 0x8000         x13=00008000
             2406000            1104 80000286 5625fd97 auipc            x27, 0x5625f000     x27=d625f286
             2408000            1105 8000028a fe7b8b93 addi             x23, x23, -25       x23=0c24cae7 x23:0c24cb00
             2410000            1106 8000028c b3f12537 lui              x10, 0xb3f12000     x10=b3f12000
             2432000            1117 80000290 16b7ba97 auipc            x21, 0x16b7b000     x21=96b7b290
             2434000            1118 80000294 0ff0000f INVALID                             
             2456000            1129 80000298 01eb8b93 addi             x23, x23, 30        x23=0c24cb05 x23:0c24cae7
             2570000            1186 8000029a 0382f033 remu             x0, x5, x24          x5:0000000c x24:5c3e7103
             2572000            1187 8000029e 00340413 addi             x8, x8, 3            x8=00006003  x8:00006000
             2574000            1188 800002a0 00d5e5b3 or               x11, x11, x13       x11=00008000 x11:00000000 x13:00008000
             2576000            1189 800002a2 56b6e5b7 lui              x11, 0x56b6e000     x11=56b6e000
             2580000            1191 800002a6 02059a63 bne              x11, x0, 52         x11:56b6e000
             2602000            1202 800002da 016b2833 slt              x16, x22, x22       x16=00000000 x22:80000000 x22:80000000
             2612000            1207 800002de f4a95d17 auipc            x26, 0xf4a95000     x26=74a952de
             2614000            1208 800002e2 fe7f0f13 addi             x30, x30, -25       x30=00000002 x30:0000001b
             2640000            1221 800002e4 008a0a13 addi             x20, x20, 8         x20=e05221fc x20:e05221f4
             2642000            1222 800002e6 00c4e4b3 or               x9, x9, x12          x9=0d69024c  x9:0d69024c x12:00000000
             2646000            1224 800002e8 9c365a37 lui              x20, 0x9c365000     x20=9c365000
             2680000            1241 800002ec 004c0c13 addi             x24, x24, 4         x24=5c3e7107 x24:5c3e7103
             2682000            1242 800002ee 00648493 addi             x9, x9, 6            x9=0d690252  x9:0d69024c
             2694000            1248 800002f0 3f32c8b7 lui              x17, 0x3f32c000     x17=3f32c000
             2738000            1270 800002f4 4195d593 srai             x11, x11, 0x419     x11=0000002b x11:56b6e000
             2740000            1271 800002f6 01a58593 addi             x11, x11, 26        x11=00000045 x11:0000002b
             2752000            1277 800002f8 ffa58593 addi             x11, x11, -6        x11=0000003f x11:00000045
             2762000            1282 800002fa ed4faa17 auipc            x20, 0xed4fa000     x20=6d4fa2fa
             2814000            1308 800002fe 932331b7 lui              x3, 0x93233000       x3=93233000
             2816000            1309 80000302 ff458593 addi             x11, x11, -12       x11=00000033 x11:0000003f
             2840000            1321 80000304 033bbeb3 mulhu            x29, x23, x19       x29=0bf45063 x23:0c24cb05 x19:fc020551
             2842000            1322 80000308 25418bb7 lui              x23, 0x25418000     x23=25418000
             2844000            1323 8000030c 00a70ab3 add              x21, x14, x10       x21=86459278 x14:d2547278 x10:b3f12000
             2860000            1331 80000310 dd1e1c37 lui              x24, 0xdd1e1000     x24=dd1e1000
             2888000            1345 80000314 9b48c817 auipc            x16, 0x9b48c000     x16=1b48c314
             2912000            1357 80000318 00010f37 lui              x30, 0x10000        x30=00010000
             2954000            1378 8000031a 83186617 auipc            x12, 0x83186000     x12=0318631a
             2956000            1379 8000031e 003c0c13 addi             x24, x24, 3         x24=dd1e1003 x24:dd1e1000
             3016000            1409 80000320 00840433 add              x8, x8, x8           x8=0000c006  x8:00006003  x8:00006003
             3018000            1410 80000322 00412083 lw               x1, 4(x2)            x1=80000176  x2:8000adf0  PA:8000adf4
             3044000            1423 80000324 65486a37 lui              x20, 0x65486000     x20=65486000
             3072000            1437 80000328 00d5d593 srli             x11, x11, 0xd       x11=00000000 x11:00000033
             3100000            1451 8000032a 03889bb3 mulh             x23, x17, x24       x23=f7637ba6 x17:3f32c000 x24:dd1e1003
             3102000            1452 8000032e 00812283 lw               x5, 8(x2)            x5=0000000c  x2:8000adf0  PA:8000adf8
             3166000            1484 80000330 01455513 srli             x10, x10, 0x14      x10=00000b3f x10:b3f12000
             3168000            1485 80000332 00c12f83 lw               x31, 12(x2)         x31=f6a8197d  x2:8000adf0  PA:8000adfc
             3172000            1487 80000334 01012b03 lw               x22, 16(x2)         x22=80000000  x2:8000adf0  PA:8000ae00
             3214000            1508 80000336 01412c83 lw               x25, 20(x2)         x25=00000000  x2:8000adf0  PA:8000ae04
             3218000            1510 80000338 01812383 lw               x7, 24(x2)           x7=0000000e  x2:8000adf0  PA:8000ae08
             3264000            1533 8000033a 01c12e03 lw               x28, 28(x2)         x28=80000000  x2:8000adf0  PA:8000ae0c
             3288000            1545 8000033c 00007537 lui              x10, 0x7000         x10=00007000
             3290000            1546 8000033e 02012983 lw               x19, 32(x2)         x19=fc020551  x2:8000adf0  PA:8000ae10
             3314000            1558 80000340 02c10113 addi             x2, x2, 44           x2=8000ae1c  x2:8000adf0
             3316000            1559 80000344 41fa56b3 sra              x13, x20, x31       x13=00000003 x20:65486000 x31:f6a8197d
             3318000            1560 80000348 00002bb7 lui              x23, 0x2000         x23=00002000
             3322000            1562 8000034a 00008067 jalr             x0, x1, 0            x1:80000176
             3380000            1591 80000176 33945d37 lui              x26, 0x33945000     x26=33945000
             3382000            1592 8000017a 00015637 lui              x12, 0x15000        x12=00015000
             3402000            1602 8000017c 01845413 srli             x8, x8, 0x18         x8=00000000  x8:0000c006
             3404000            1603 8000017e fe670713 addi             x14, x14, -26       x14=d254725e x14:d2547278
             3406000            1604 80000180 36327e97 auipc            x29, 0x36327000     x29=b6327180
             3444000            1623 80000184 2ae18817 auipc            x16, 0x2ae18000     x16=aae18184
             3446000            1624 80000188 f2ed6513 ori              x10, x26, -210      x10=ffffff2e x26:33945000
             3460000            1631 8000018c 41e000ef jal              x1, 1054             x1=80000190
             3482000            1642 800005aa 01f30313 addi             x6, x6, 31           x6=0000002e  x6:0000000f
             3504000            1653 800005ac a8c8f317 auipc            x6, 0xa8c8f000       x6=28c8f5ac
             3542000            1672 800005b0 fc410113 addi             x2, x2, -60          x2=8000ade0  x2:8000ae1c
             3584000            1693 800005b4 4021d313 srai             x6, x3, 0x402        x6=e4c8cc00  x3:93233000
             3606000            1704 800005b8 873f8837 lui              x16, 0x873f8000     x16=873f8000
             3612000            1707 800005bc 00112223 sw               x1, 4(x2)            x1:80000190  x2:8000ade0  PA:8000ade4
             3676000            1739 800005be 00360613 addi             x12, x12, 3         x12=00015003 x12:00015000
             3678000            1740 800005c0 00512423 sw               x5, 8(x2)            x5:0000000c  x2:8000ade0  PA:8000ade8
             3694000            1748 800005c2 01f12623 sw               x31, 12(x2)         x31:f6a8197d  x2:8000ade0  PA:8000adec
             3724000            1763 800005c4 01612823 sw               x22, 16(x2)         x22:80000000  x2:8000ade0  PA:8000adf0
             3742000            1772 800005c6 01912a23 sw               x25, 20(x2)         x25:00000000  x2:8000ade0  PA:8000adf4
             3766000            1784 800005c8 00712c23 sw               x7, 24(x2)           x7:0000000e  x2:8000ade0  PA:8000adf8
             3830000            1816 800005ca fe2c0c13 addi             x24, x24, -30       x24=dd1e0fe5 x24:dd1e1003
             3832000            1817 800005cc 01c12e23 sw               x28, 28(x2)         x28:80000000  x2:8000ade0  PA:8000adfc
             3866000            1834 800005ce 011e9e93 slli             x29, x29, 0x11      x29=e3000000 x29:b6327180
             3868000            1835 800005d0 03312023 sw               x19, 32(x2)         x19:fc020551  x2:8000ade0  PA:8000ae00
             3908000            1855 800005d2 0165d593 srli             x11, x11, 0x16      x11=00000000 x11:00000000
             3910000            1856 800005d4 01f7d793 srli             x15, x15, 0x1f      x15=00000000 x15:0159eaa3
             3966000            1884 800005d6 f596b797 auipc            x15, 0xf596b000     x15=7596b5d6
             3968000            1885 800005da 41875713 srai             x14, x14, 0x418     x14=ffffffd2 x14:d254725e
             4004000            1903 800005dc 1ec01737 lui              x14, 0x1ec01000     x14=1ec01000
             4006000            1904 800005e0 00000b97 auipc            x23, 0x0            x23=800005e0
             4024000            1913 800005e4 d6cb8b93 addi             x23, x23, -660      x23=8000034c x23:800005e0
             4026000            1914 800005e8 ffa60613 addi             x12, x12, -6        x12=00014ffd x12:00015003
             4028000            1915 800005ea 00950513 addi             x10, x10, 9         x10=ffffff37 x10:ffffff2e
             4052000            1927 800005ec 0135d593 srli             x11, x11, 0x13      x11=00000000 x11:00000000
             4074000            1938 800005ee 2cdc7a97 auipc            x21, 0x2cdc7000     x21=acdc75ee
             4104000            1953 800005f2 559661b7 lui              x3, 0x55966000       x3=55966000
             4106000            1954 800005f6 fea40413 addi             x8, x8, -22          x8=ffffffea  x8:00000000
             4130000            1966 800005f8 285b8b93 addi             x23, x23, 645       x23=800005d1 x23:8000034c
             4158000            1980 800005fc 0001e5b7 lui              x11, 0x1e000        x11=0001e000
             4216000            2009 800005fe d7bb80e7 jalr             x1, x23, -645        x1=80000602 x23:800005d1
             4236000            2019 8000034c 01dae663 bltu             x21, x29, 12        x21:acdc75ee x29:e3000000
             4248000            2025 80000358 fe010113 addi             x2, x2, -32          x2=8000adc0  x2:8000ade0
             4250000            2026 8000035a 00112223 sw               x1, 4(x2)            x1:80000602  x2:8000adc0  PA:8000adc4
             4270000            2036 8000035c 764f8bb7 lui              x23, 0x764f8000     x23=764f8000
             4344000            2073 80000360 0284c033 div              x0, x9, x8           x9:0d690252  x8:ffffffea
             4346000            2074 80000364 00512423 sw               x5, 8(x2)            x5:0000000c  x2:8000adc0  PA:8000adc8
             4394000            2098 80000366 01f12623 sw               x31, 12(x2)         x31:f6a8197d  x2:8000adc0  PA:8000adcc
             4416000            2109 80000368 01612823 sw               x22, 16(x2)         x22:80000000  x2:8000adc0  PA:8000add0
             4428000            2115 8000036a 01912a23 sw               x25, 20(x2)         x25:00000000  x2:8000adc0  PA:8000add4
             4432000            2117 8000036c 00712c23 sw               x7, 24(x2)           x7:0000000e  x2:8000adc0  PA:8000add8
             4452000            2127 8000036e 01c12e23 sw               x28, 28(x2)         x28:80000000  x2:8000adc0  PA:8000addc
             4476000            2139 80000370 03312023 sw               x19, 32(x2)         x19:fc020551  x2:8000adc0  PA:8000ade0
             4484000            2143 80000372 41a3d593 srai             x11, x7, 0x41a      x11=00000000  x7:0000000e
             4502000            2152 80000376 656268b7 lui              x17, 0x65626000     x17=65626000
             4504000            2153 8000037a 00e56533 or               x10, x10, x14       x10=ffffff37 x10:ffffff37 x14:1ec01000
             4530000            2166 8000037c 00740413 addi             x8, x8, 7            x8=fffffff1  x8:ffffffea
             4532000            2167 8000037e 00006637 lui              x12, 0x6000         x12=00006000
             4534000            2168 80000380 00010c37 lui              x24, 0x10000        x24=00010000
             4536000            2169 80000382 0175d593 srli             x11, x11, 0x17      x11=00000000 x11:00000000
             4538000            2170 80000384 80164d97 auipc            x27, 0x80164000     x27=00164384
             4556000            2179 80000388 00b89d93 slli             x27, x17, 0xb       x27=13000000 x17:65626000
             4578000            2190 8000038c 01ee8e93 addi             x29, x29, 30        x29=e300001e x29:e3000000
             4580000            2191 8000038e 00c58593 addi             x11, x11, 12        x11=0000000c x11:00000000
             4600000            2201 80000390 00844863 blt              x8, x8, 16           x8:fffffff1  x8:fffffff1
             4614000            2208 80000394 1a6b4f17 auipc            x30, 0x1a6b4000     x30=9a6b4394
             4646000            2224 80000398 00019637 lui              x12, 0x19000        x12=00019000
             4648000            2225 8000039a 003d0d13 addi             x26, x26, 3         x26=33945003 x26:33945000
             4650000            2226 8000039c cda92837 lui              x16, 0xcda92000     x16=cda92000
             4666000            2234 800003a0 162000ef jal              x1, 354              x1=800003a4
             4686000            2244 80000502 fe010113 addi             x2, x2, -32          x2=8000ada0  x2:8000adc0
             4698000            2250 80000504 00112223 sw               x1, 4(x2)            x1:800003a4  x2:8000ada0  PA:8000ada4
             4718000            2260 80000506 00512423 sw               x5, 8(x2)            x5:0000000c  x2:8000ada0  PA:8000ada8
             4738000            2270 80000508 ff7f0f13 addi             x30, x30, -9        x30=9a6b438b x30:9a6b4394
             4754000            2278 8000050a 42abcf17 auipc            x30, 0x42abc000     x30=c2abc50a
             4756000            2279 8000050e 00840413 addi             x8, x8, 8            x8=fffffff9  x8:fffffff1
             4794000            2298 80000510 fe488893 addi             x17, x17, -28       x17=65625fe4 x17:65626000
             4802000            2302 80000512 13dfa417 auipc            x8, 0x13dfa000       x8=93dfa512
             4804000            2303 80000516 ff088893 addi             x17, x17, -16       x17=65625fd4 x17:65625fe4
             4820000            2311 80000518 01f12623 sw               x31, 12(x2)         x31:f6a8197d  x2:8000ada0  PA:8000adac
             4846000            2324 8000051a 01612823 sw               x22, 16(x2)         x22:80000000  x2:8000ada0  PA:8000adb0
             4880000            2341 8000051c 01912a23 sw               x25, 20(x2)         x25:00000000  x2:8000ada0  PA:8000adb4
             4888000            2345 8000051e 00712c23 sw               x7, 24(x2)           x7:0000000e  x2:8000ada0  PA:8000adb8
             4900000            2351 80000520 01c12e23 sw               x28, 28(x2)         x28:80000000  x2:8000ada0  PA:8000adbc
             4930000            2366 80000522 03312023 sw               x19, 32(x2)         x19:fc020551  x2:8000ada0  PA:8000adc0
             4934000            2368 80000524 84210437 lui              x8, 0x84210000       x8=84210000
             4942000            2372 80000528 01260613 addi             x12, x12, 18        x12=00019012 x12:00019000
             4944000            2373 8000052a 00013db7 lui              x27, 0x13000        x27=00013000
             4946000            2374 8000052c 00988533 add              x10, x17, x9        x10=72cb6226 x17:65625fd4  x9:0d690252
             4966000            2384 80000530 2cd845b7 lui              x11, 0x2cd84000     x11=2cd84000
             4988000            2395 80000534 41b45413 srai             x8, x8, 0x41b        x8=fffffff0  x8:84210000
             4990000            2396 80000536 01fa1a13 slli             x20, x20, 0x1f      x20=00000000 x20:65486000
             5018000            2410 80000538 00ba1a13 slli             x20, x20, 0xb       x20=00000000 x20:00000000
             5080000            2441 8000053a 70708c37 lui              x24, 0x70708000     x24=70708000
             5082000            2442 8000053e 0001cab7 lui              x21, 0x1c000        x21=0001c000
             5102000            2452 80000540 ffc62b97 auipc            x23, 0xffc62000     x23=7fc62540
             5112000            2457 80000544 1c347797 auipc            x15, 0x1c347000     x15=9c347544
             5114000            2458 80000548 02706a17 auipc            x20, 0x2706000      x20=82706548
             5134000            2468 8000054c 29b86813 ori              x16, x16, 667       x16=cda9229b x16:cda92000
             5156000            2479 80000550 fe230313 addi             x6, x6, -30          x6=e4c8cbe2  x6:e4c8cc00
             5158000            2480 80000552 fe1d0d13 addi             x26, x26, -31       x26=33944fe4 x26:33945003
             5162000            2482 80000554 00a75713 srli             x14, x14, 0xa       x14=0007b004 x14:1ec01000
             5164000            2483 80000556 40d50533 sub              x10, x10, x13       x10=72cb6223 x10:72cb6226 x13:00000003
             5216000            2509 80000558 014a9a93 slli             x21, x21, 0x14      x21=00000000 x21:0001c000
             5218000            2510 8000055a 00771713 slli             x14, x14, 0x7       x14=03d80200 x14:0007b004
             5220000            2511 8000055c 8c0f0537 lui              x10, 0x8c0f0000     x10=8c0f0000
             5222000            2512 80000560 b6920817 auipc            x16, 0xb6920000     x16=36920560
             5236000            2519 80000564 00540413 addi             x8, x8, 5            x8=fffffff5  x8:fffffff0
             5238000            2520 80000566 01860613 addi             x12, x12, 24        x12=0001902a x12:00019012
             5240000            2521 80000568 87b19937 lui              x18, 0x87b19000     x18=87b19000
             5272000            2537 8000056c 0001fd37 lui              x26, 0x1f000        x26=0001f000
             5274000            2538 8000056e ffb40413 addi             x8, x8, -5           x8=fffffff0  x8:fffffff5
             5322000            2562 80000570 0001a6b7 lui              x13, 0x1a000        x13=0001a000
             5348000            2575 80000572 09202713 slti             x14, x0, 146        x14=00000001
             5350000            2576 80000576 019a8a93 addi             x21, x21, 25        x21=00000019 x21:00000000
             5370000            2586 80000578 00412083 lw               x1, 4(x2)            x1=800003a4  x2:8000ada0  PA:8000ada4
             5426000            2614 8000057a 191dba97 auipc            x21, 0x191db000     x21=991db57a
             5428000            2615 8000057e 0064d893 srli             x17, x9, 0x6        x17=0035a409  x9:0d690252
             5430000            2616 80000582 00812283 lw               x5, 8(x2)            x5=0000000c  x2:8000ada0  PA:8000ada8
             5454000            2628 80000584 ff380813 addi             x16, x16, -13       x16=36920553 x16:36920560
             5456000            2629 80000586 00012537 lui              x10, 0x12000        x10=00012000
             5480000            2641 80000588 00c12f83 lw               x31, 12(x2)         x31=f6a8197d  x2:8000ada0  PA:8000adac
             5500000            2651 8000058a 01012b03 lw               x22, 16(x2)         x22=80000000  x2:8000ada0  PA:8000adb0
             5564000            2683 8000058c 010f0f13 addi             x30, x30, 16        x30=c2abc51a x30:c2abc50a
             5566000            2684 8000058e 01412c83 lw               x25, 20(x2)         x25=00000000  x2:8000ada0  PA:8000adb4
             5608000            2705 80000590 01812383 lw               x7, 24(x2)           x7=0000000e  x2:8000ada0  PA:8000adb8
             5640000            2721 80000592 42ec8897 auipc            x17, 0x42ec8000     x17=c2ec8592
             5642000            2722 80000596 01c12e03 lw               x28, 28(x2)         x28=80000000  x2:8000ada0  PA:8000adbc
             5678000            2740 80000598 00490913 addi             x18, x18, 4         x18=87b19004 x18:87b19000
             5680000            2741 8000059a 02012983 lw               x19, 32(x2)         x19=fc020551  x2:8000ada0  PA:8000adc0
             5704000            2753 8000059c 02010113 addi             x2, x2, 32           x2=8000adc0  x2:8000ada0
             5778000            2790 8000059e 0389d933 divu             x18, x19, x24       x18=00000002 x19:fc020551 x24:70708000
             5780000            2791 800005a2 00944433 xor              x8, x8, x9           x8=f296fda2  x8:fffffff0  x9:0d690252
             5782000            2792 800005a4 00741513 slli             x10, x8, 0x7        x10=4b7ed100  x8:f296fda2
             5794000            2798 800005a8 00008067 jalr             x0, x1, 0            x1:800003a4
             5816000            2809 800003a4 076c6517 auipc            x10, 0x76c6000      x10=876c63a4
             5838000            2820 800003a8 011b5a33 srl              x20, x22, x17       x20=00002000 x22:80000000 x17:c2ec8592
             5894000            2848 800003ac fcfb9897 auipc            x17, 0xfcfb9000     x17=7cfb93ac
             5914000            2858 800003b0 4034d493 srai             x9, x9, 0x403        x9=01ad204a  x9:0d690252
             5936000            2869 800003b2 d15d81b7 lui              x3, 0xd15d8000       x3=d15d8000
             5938000            2870 800003b6 00e47433 and              x8, x8, x14          x8=00000000  x8:f296fda2 x14:00000001
             5978000            2890 800003b8 01091913 slli             x18, x18, 0x10      x18=00020000 x18:00000002
             5980000            2891 800003ba ff878793 addi             x15, x15, -8        x15=9c34753c x15:9c347544
             6000000            2901 800003bc 626d94b7 lui              x9, 0x626d9000       x9=626d9000
             6050000            2926 800003c0 00769c13 slli             x24, x13, 0x7       x24=00d00000 x13:0001a000
             6088000            2945 800003c4 e5a998b7 lui              x17, 0xe5a99000     x17=e5a99000
             6090000            2946 800003c8 01970713 addi             x14, x14, 25        x14=0000001a x14:00000001
             6092000            2947 800003ca 40445413 srai             x8, x8, 0x404        x8=00000000  x8:00000000
             6112000            2957 800003cc 01919193 slli             x3, x3, 0x19         x3=00000000  x3:d15d8000
             6114000            2958 800003ce 01067613 andi             x12, x12, 16        x12=00000000 x12:0001902a
             6118000            2960 800003d0 00300a33 add              x20, x0, x3         x20=00000000  x3:00000000
             6138000            2970 800003d2 ddc03697 auipc            x13, 0xddc03000     x13=5dc033d2
             6140000            2971 800003d6 ff858593 addi             x11, x11, -8        x11=2cd83ff8 x11:2cd84000
             6168000            2985 800003d8 6c6ff197 auipc            x3, 0x6c6ff000       x3=ec6ff3d8
             6188000            2995 800003dc 412a5193 srai             x3, x20, 0x412       x3=00000000 x20:00000000
             6214000            3008 800003e0 01cc0c13 addi             x24, x24, 28        x24=00d0001c x24:00d00000
             6264000            3033 800003e2 f5510337 lui              x6, 0xf5510000       x6=f5510000
             6266000            3034 800003e6 ff5d0d13 addi             x26, x26, -11       x26=0001eff5 x26:0001f000
             6326000            3064 800003e8 000d4db3 xor              x27, x26, x0        x27=0001eff5 x26:0001eff5
             6354000            3078 800003ec 35a6df17 auipc            x30, 0x35a6d000     x30=b5a6d3ec
             6376000            3089 800003f0 00004737 lui              x14, 0x4000         x14=00004000
             6388000            3095 800003f2 01180333 add              x6, x16, x17         x6=1c3b9553 x16:36920553 x17:e5a99000
             6404000            3103 800003f6 8affa8b7 lui              x17, 0x8affa000     x17=8affa000
             6416000            3109 800003fa 00000d17 auipc            x26, 0x0            x26=800003fa
             6418000            3110 800003fe 108d0d13 addi             x26, x26, 264       x26=80000502 x26:800003fa
             6420000            3111 80000402 008484b3 add              x9, x9, x8           x9=626d9000  x9:626d9000  x8:00000000
             6440000            3121 80000404 e56b86b7 lui              x13, 0xe56b8000     x13=e56b8000
             6470000            3136 80000408 64a6e6b7 lui              x13, 0x64a6e000     x13=64a6e000
             6506000            3154 8000040c 41c2d313 srai             x6, x5, 0x41c        x6=00000000  x5:0000000c
             6512000            3157 80000410 01c4d833 srl              x16, x9, x28        x16=626d9000  x9:626d9000 x28:80000000
             6522000            3162 80000414 41845413 srai             x8, x8, 0x418        x8=00000000  x8:00000000
             6524000            3163 80000416 01f7d793 srli             x15, x15, 0x1f      x15=00000001 x15:9c34753c
             6542000            3172 80000418 1c9d0d13 addi             x26, x26, 457       x26=800006cb x26:80000502
             6566000            3184 8000041c fe060613 addi             x12, x12, -32       x12=ffffffe0 x12:00000000
             6648000            3225 8000041e 02f67633 remu             x12, x12, x15       x12=00000000 x12:ffffffe0 x15:00000001
             6652000            3227 80000422 e37d00e7 jalr             x1, x26, -457        x1=80000426 x26:800006cb
             6688000            3245 80000502 fe010113 addi             x2, x2, -32          x2=8000ada0  x2:8000adc0
             6738000            3270 80000504 00112223 sw               x1, 4(x2)            x1:80000426  x2:8000ada0  PA:8000ada4
             6742000            3272 80000506 00512423 sw               x5, 8(x2)            x5:0000000c  x2:8000ada0  PA:8000ada8
             6760000            3281 80000508 ff7f0f13 addi             x30, x30, -9        x30=b5a6d3e3 x30:b5a6d3ec
             6782000            3292 8000050a 42abcf17 auipc            x30, 0x42abc000     x30=c2abc50a
             6784000            3293 8000050e 00840413 addi             x8, x8, 8            x8=00000008  x8:00000000
             6804000            3303 80000510 fe488893 addi             x17, x17, -28       x17=8aff9fe4 x17:8affa000
             6864000            3333 80000512 13dfa417 auipc            x8, 0x13dfa000       x8=93dfa512
             6866000            3334 80000516 ff088893 addi             x17, x17, -16       x17=8aff9fd4 x17:8aff9fe4
             6886000            3344 80000518 01f12623 sw               x31, 12(x2)         x31:f6a8197d  x2:8000ada0  PA:8000adac
             6912000            3357 8000051a 01612823 sw               x22, 16(x2)         x22:80000000  x2:8000ada0  PA:8000adb0
             6934000            3368 8000051c 01912a23 sw               x25, 20(x2)         x25:00000000  x2:8000ada0  PA:8000adb4
             6964000            3383 8000051e 00712c23 sw               x7, 24(x2)           x7:0000000e  x2:8000ada0  PA:8000adb8
             6988000            3395 80000520 01c12e23 sw               x28, 28(x2)         x28:80000000  x2:8000ada0  PA:8000adbc
             7004000            3403 80000522 03312023 sw               x19, 32(x2)         x19:fc020551  x2:8000ada0  PA:8000adc0
             7040000            3421 80000524 84210437 lui              x8, 0x84210000       x8=84210000
             7042000            3422 80000528 01260613 addi             x12, x12, 18        x12=00000012 x12:00000000
             7044000            3423 8000052a 00013db7 lui              x27, 0x13000        x27=00013000
             7046000            3424 8000052c 00988533 add              x10, x17, x9        x10=ed6d2fd4 x17:8aff9fd4  x9:626d9000
             7062000            3432 80000530 2cd845b7 lui              x11, 0x2cd84000     x11=2cd84000
             7064000            3433 80000534 41b45413 srai             x8, x8, 0x41b        x8=fffffff0  x8:84210000
             7066000            3434 80000536 01fa1a13 slli             x20, x20, 0x1f      x20=00000000 x20:00000000
             7068000            3435 80000538 00ba1a13 slli             x20, x20, 0xb       x20=00000000 x20:00000000
             7070000            3436 8000053a 70708c37 lui              x24, 0x70708000     x24=70708000
             7072000            3437 8000053e 0001cab7 lui              x21, 0x1c000        x21=0001c000
             7130000            3466 80000540 ffc62b97 auipc            x23, 0xffc62000     x23=7fc62540
             7152000            3477 80000544 1c347797 auipc            x15, 0x1c347000     x15=9c347544
             7154000            3478 80000548 02706a17 auipc            x20, 0x2706000      x20=82706548
             7196000            3499 8000054c 29b86813 ori              x16, x16, 667       x16=626d929b x16:626d9000
             7198000            3500 80000550 fe230313 addi             x6, x6, -30          x6=ffffffe2  x6:00000000
             7200000            3501 80000552 fe1d0d13 addi             x26, x26, -31       x26=800006ac x26:800006cb
             7216000            3509 80000554 00a75713 srli             x14, x14, 0xa       x14=00000010 x14:00004000
             7218000            3510 80000556 40d50533 sub              x10, x10, x13       x10=88c64fd4 x10:ed6d2fd4 x13:64a6e000
             7278000            3540 80000558 014a9a93 slli             x21, x21, 0x14      x21=00000000 x21:0001c000
             7280000            3541 8000055a 00771713 slli             x14, x14, 0x7       x14=00000800 x14:00000010
             7320000            3561 8000055c 8c0f0537 lui              x10, 0x8c0f0000     x10=8c0f0000
             7322000            3562 80000560 b6920817 auipc            x16, 0xb6920000     x16=36920560
             7344000            3573 80000564 00540413 addi             x8, x8, 5            x8=fffffff5  x8:fffffff0
             7346000            3574 80000566 01860613 addi             x12, x12, 24        x12=0000002a x12:00000012
             7406000            3604 80000568 87b19937 lui              x18, 0x87b19000     x18=87b19000
             7428000            3615 8000056c 0001fd37 lui              x26, 0x1f000        x26=0001f000
             7430000            3616 8000056e ffb40413 addi             x8, x8, -5           x8=fffffff0  x8:fffffff5
             7470000            3636 80000570 0001a6b7 lui              x13, 0x1a000        x13=0001a000
             7492000            3647 80000572 09202713 slti             x14, x0, 146        x14=00000001
             7494000            3648 80000576 019a8a93 addi             x21, x21, 25        x21=00000019 x21:00000000
             7554000            3678 80000578 00412083 lw               x1, 4(x2)            x1=80000426  x2:8000ada0  PA:8000ada4
             7592000            3697 8000057a 191dba97 auipc            x21, 0x191db000     x21=991db57a
             7594000            3698 8000057e 0064d893 srli             x17, x9, 0x6        x17=0189b640  x9:626d9000
             7596000            3699 80000582 00812283 lw               x5, 8(x2)            x5=0000000c  x2:8000ada0  PA:8000ada8
             7622000            3712 80000584 ff380813 addi             x16, x16, -13       x16=36920553 x16:36920560
             7624000            3713 80000586 00012537 lui              x10, 0x12000        x10=00012000
             7644000            3723 80000588 00c12f83 lw               x31, 12(x2)         x31=f6a8197d  x2:8000ada0  PA:8000adac
             7670000            3736 8000058a 01012b03 lw               x22, 16(x2)         x22=80000000  x2:8000ada0  PA:8000adb0
             7680000            3741 8000058c 010f0f13 addi             x30, x30, 16        x30=c2abc51a x30:c2abc50a
             7682000            3742 8000058e 01412c83 lw               x25, 20(x2)         x25=00000000  x2:8000ada0  PA:8000adb4
             7708000            3755 80000590 01812383 lw               x7, 24(x2)           x7=0000000e  x2:8000ada0  PA:8000adb8
             7738000            3770 80000592 42ec8897 auipc            x17, 0x42ec8000     x17=c2ec8592
             7740000            3771 80000596 01c12e03 lw               x28, 28(x2)         x28=80000000  x2:8000ada0  PA:8000adbc
             7744000            3773 80000598 00490913 addi             x18, x18, 4         x18=87b19004 x18:87b19000
             7746000            3774 8000059a 02012983 lw               x19, 32(x2)         x19=fc020551  x2:8000ada0  PA:8000adc0
             7764000            3783 8000059c 02010113 addi             x2, x2, 32           x2=8000adc0  x2:8000ada0
             7858000            3830 8000059e 0389d933 divu             x18, x19, x24       x18=00000002 x19:fc020551 x24:70708000
             7860000            3831 800005a2 00944433 xor              x8, x8, x9           x8=9d926ff0  x8:fffffff0  x9:626d9000
             7862000            3832 800005a4 00741513 slli             x10, x8, 0x7        x10=c937f800  x8:9d926ff0
             7866000            3834 800005a8 00008067 jalr             x0, x1, 0            x1:80000426
             7896000            3849 80000426 41b45413 srai             x8, x8, 0x41b        x8=fffffff3  x8:9d926ff0
             7902000            3852 80000428 72fdb417 auipc            x8, 0x72fdb000       x8=f2fdb428
             7920000            3861 8000042c fe3d0d13 addi             x26, x26, -29       x26=0001efe3 x26:0001f000
             7922000            3862 8000042e 01de9e93 slli             x29, x29, 0x1d      x29=c0000000 x29:e300001e
             7980000            3891 80000430 0197d793 srli             x15, x15, 0x19      x15=0000004e x15:9c347544
             7982000            3892 80000432 00412083 lw               x1, 4(x2)            x1=80000602  x2:8000adc0  PA:8000adc4
             8006000            3904 80000434 00812283 lw               x5, 8(x2)            x5=0000000c  x2:8000adc0  PA:8000adc8
             8012000            3907 80000436 12a62813 slti             x16, x12, 298       x16=00000001 x12:0000002a
             8014000            3908 8000043a 000177b7 lui              x15, 0x17000        x15=00017000
             8040000            3921 8000043c 00c12f83 lw               x31, 12(x2)         x31=f6a8197d  x2:8000adc0  PA:8000adcc
             8062000            3932 8000043e 01012b03 lw               x22, 16(x2)         x22=80000000  x2:8000adc0  PA:8000add0
             8086000            3944 80000440 01412c83 lw               x25, 20(x2)         x25=00000000  x2:8000adc0  PA:8000add4
             8110000            3956 80000442 01812383 lw               x7, 24(x2)           x7=0000000e  x2:8000adc0  PA:8000add8
             8122000            3962 80000444 01c12e03 lw               x28, 28(x2)         x28=80000000  x2:8000adc0  PA:8000addc
             8136000            3969 80000446 00000013 nop                                 
             8138000            3970 80000448 02012983 lw               x19, 32(x2)         x19=fc020551  x2:8000adc0  PA:8000ade0
             8146000            3974 8000044a 02010113 addi             x2, x2, 32           x2=8000ade0  x2:8000adc0
             8150000            3976 8000044c 01cd0d13 addi             x26, x26, 28        x26=0001efff x26:0001efe3
             8154000            3978 8000044e 00008067 jalr             x0, x1, 0            x1:80000602
             8212000            4007 80000602 ff250513 addi             x10, x10, -14       x10=c937f7f2 x10:c937f800
             8222000            4012 80000604 9afdb697 auipc            x13, 0x9afdb000     x13=1afdb604
             8260000            4031 80000608 25858b97 auipc            x23, 0x25858000     x23=a5858608
             8266000            4034 8000060c 01269693 slli             x13, x13, 0x12      x13=d8100000 x13:1afdb604
             8268000            4035 8000060e 00412083 lw               x1, 4(x2)            x1=80000190  x2:8000ade0  PA:8000ade4
             8292000            4047 80000610 00812283 lw               x5, 8(x2)            x5=0000000c  x2:8000ade0  PA:8000ade8
             8324000            4063 80000612 00c12f83 lw               x31, 12(x2)         x31=f6a8197d  x2:8000ade0  PA:8000adec
             8328000            4065 80000614 01012b03 lw               x22, 16(x2)         x22=80000000  x2:8000ade0  PA:8000adf0
             8362000            4082 80000616 01412c83 lw               x25, 20(x2)         x25=00000000  x2:8000ade0  PA:8000adf4
             8404000            4103 80000618 01812383 lw               x7, 24(x2)           x7=0000000e  x2:8000ade0  PA:8000adf8
             8428000            4115 8000061a 0197d793 srli             x15, x15, 0x19      x15=00000000 x15:00017000
             8430000            4116 8000061c 01c12e03 lw               x28, 28(x2)         x28=80000000  x2:8000ade0  PA:8000adfc
             8466000            4134 8000061e 02012983 lw               x19, 32(x2)         x19=fc020551  x2:8000ade0  PA:8000ae00
             8470000            4136 80000620 03c10113 addi             x2, x2, 60           x2=8000ae1c  x2:8000ade0
             8490000            4146 80000624 cb29bf17 auipc            x30, 0xcb29b000     x30=4b29b624
             8502000            4152 80000628 ff140413 addi             x8, x8, -15          x8=f2fdb419  x8:f2fdb428
             8504000            4153 8000062a 00551513 slli             x10, x10, 0x5       x10=26fefe40 x10:c937f7f2
             8512000            4157 8000062c 022e3033 mulhu            x0, x28, x2         x28:80000000  x2:8000ae1c
             8516000            4159 80000630 00008067 jalr             x0, x1, 0            x1:80000190
             8530000            4166 80000190 01b46a33 or               x20, x8, x27        x20=f2fdb419  x8:f2fdb419 x27:00013000
             8552000            4177 80000194 01f80813 addi             x16, x16, 31        x16=00000020 x16:00000001
             8554000            4178 80000196 00946433 or               x8, x8, x9           x8=f2fdb419  x8:f2fdb419  x9:626d9000
             8560000            4181 80000198 00c66633 or               x12, x12, x12       x12=0000002a x12:0000002a x12:0000002a
             8562000            4182 8000019a 004151b3 srl              x3, x2, x4           x3=00000008  x2:8000ae1c  x4:80014e1c
             8564000            4183 8000019e 00e80813 addi             x16, x16, 14        x16=0000002e x16:00000020
             8566000            4184 800001a0 00018537 lui              x10, 0x18000        x10=00018000
             8568000            4185 800001a2 01f55513 srli             x10, x10, 0x1f      x10=00000000 x10:00018000
             8588000            4195 800001a4 039f2733 mulhsu           x14, x30, x25       x14=00000000 x30:4b29b624 x25:00000000
             8604000            4203 800001a8 05a6cd17 auipc            x26, 0x5a6c000      x26=85a6c1a8
             8614000            4208 800001ac 2a4000ef jal              x1, 676              x1=800001b0
             8632000            4217 80000450 fd810113 addi             x2, x2, -40          x2=8000adf4  x2:8000ae1c
             8654000            4228 80000454 ff150513 addi             x10, x10, -15       x10=fffffff1 x10:00000000
             8670000            4236 80000456 9a115d17 auipc            x26, 0x9a115000     x26=1a115456
             8672000            4237 8000045a ffc68693 addi             x13, x13, -4        x13=d80ffffc x13:d8100000
             8686000            4244 8000045c 00112223 sw               x1, 4(x2)            x1:800001b0  x2:8000adf4  PA:8000adf8
             8708000            4255 8000045e 00512423 sw               x5, 8(x2)            x5:0000000c  x2:8000adf4  PA:8000adfc
             8712000            4257 80000460 01f12623 sw               x31, 12(x2)         x31:f6a8197d  x2:8000adf4  PA:8000ae00
             8746000            4274 80000462 01612823 sw               x22, 16(x2)         x22:80000000  x2:8000adf4  PA:8000ae04
             8750000            4276 80000464 ffea8a93 addi             x21, x21, -2        x21=991db578 x21:991db57a
             8752000            4277 80000466 01912a23 sw               x25, 20(x2)         x25:00000000  x2:8000adf4  PA:8000ae08
             8786000            4294 80000468 00e60613 addi             x12, x12, 14        x12=00000038 x12:0000002a
             8788000            4295 8000046a 96451597 auipc            x11, 0x96451000     x11=1645146a
             8790000            4296 8000046e 00712c23 sw               x7, 24(x2)           x7:0000000e  x2:8000adf4  PA:8000ae0c
             8794000            4298 80000470 242064b7 lui              x9, 0x24206000       x9=24206000
             8814000            4308 80000474 01d7c533 xor              x10, x15, x29       x10=c0000000 x15:00000000 x29:c0000000
             8816000            4309 80000478 01c12e23 sw               x28, 28(x2)         x28:80000000  x2:8000adf4  PA:8000ae10
             8840000            4321 8000047a 03312023 sw               x19, 32(x2)         x19:fc020551  x2:8000adf4  PA:8000ae14
             8864000            4333 8000047c fe0a0a13 addi             x20, x20, -32       x20=f2fdb3f9 x20:f2fdb419
             8902000            4352 8000047e 03312ab3 mulhsu           x21, x2, x19        x21=81ffa895  x2:8000adf4 x19:fc020551
             8934000            4368 80000482 04274517 auipc            x10, 0x4274000      x10=84274482
             8948000            4375 80000486 00b26733 or               x14, x4, x11        x14=96455e7e  x4:80014e1c x11:1645146a
             9058000            4430 8000048a 0318c5b3 div              x11, x17, x17       x11=00000001 x17:c2ec8592 x17:c2ec8592
             9060000            4431 8000048e 01eb9b93 slli             x23, x23, 0x1e      x23=00000000 x23:a5858608
             9062000            4432 80000490 01261613 slli             x12, x12, 0x12      x12=00e00000 x12:00000038
             9064000            4433 80000492 01c58593 addi             x11, x11, 28        x11=0000001d x11:00000001
             9066000            4434 80000494 0000e337 lui              x6, 0xe000           x6=0000e000
             9068000            4435 80000496 016e9e93 slli             x29, x29, 0x16      x29=00000000 x29:c0000000
             9076000            4439 80000498 25f67f17 auipc            x30, 0x25f67000     x30=a5f67498
             9096000            4449 8000049c 01459593 slli             x11, x11, 0x14      x11=01d00000 x11:0000001d
             9098000            4450 8000049e fff60613 addi             x12, x12, -1        x12=00dfffff x12:00e00000
             9108000            4455 800004a0 fed60613 addi             x12, x12, -19       x12=00dfffec x12:00dfffff
             9118000            4460 800004a2 00000817 auipc            x16, 0x0            x16=800004a2
             9120000            4461 800004a6 eaa80813 addi             x16, x16, -342      x16=8000034c x16:800004a2
             9142000            4472 800004aa 02d32033 mulhsu           x0, x6, x13          x6:0000e000 x13:d80ffffc
             9144000            4473 800004ae 00c5d593 srli             x11, x11, 0xc       x11=00001d00 x11:01d00000
             9152000            4477 800004b0 e6f80813 addi             x16, x16, -401      x16=800001bb x16:8000034c
             9154000            4478 800004b4 4054d493 srai             x9, x9, 0x405        x9=01210300  x9:24206000
             9156000            4479 800004b6 000057b7 lui              x15, 0x5000         x15=00005000
             9194000            4498 800004b8 00e8c663 blt              x17, x14, 12        x17:c2ec8592 x14:96455e7e
             9204000            4503 800004bc 10a89797 auipc            x15, 0x10a89000     x15=90a894bc
             9236000            4519 800004c0 03ad2d33 mulhsu           x26, x26, x26       x26=02a7864d x26:1a115456 x26:1a115456
             9254000            4528 800004c4 191800e7 jalr             x1, x16, 401         x1=800004c8 x16:800001bb
             9262000            4532 8000034c 01dae663 bltu             x21, x29, 12        x21:81ffa895 x29:00000000
             9284000            4543 80000350 19703d13 sltiu            x26, x0, 407        x26=00000001
             9302000            4552 80000354 0187beb3 sltu             x29, x15, x24       x29=00000000 x15:90a894bc x24:70708000
             9304000            4553 80000358 fe010113 addi             x2, x2, -32          x2=8000add4  x2:8000adf4
             9306000            4554 8000035a 00112223 sw               x1, 4(x2)            x1:800004c8  x2:8000add4  PA:8000add8
             9326000            4564 8000035c 764f8bb7 lui              x23, 0x764f8000     x23=764f8000
             9422000            4612 80000360 0284c033 div              x0, x9, x8           x9:01210300  x8:f2fdb419
             9424000            4613 80000364 00512423 sw               x5, 8(x2)            x5:0000000c  x2:8000add4  PA:8000addc
             9458000            4630 80000366 01f12623 sw               x31, 12(x2)         x31:f6a8197d  x2:8000add4  PA:8000ade0
             9462000            4632 80000368 01612823 sw               x22, 16(x2)         x22:80000000  x2:8000add4  PA:8000ade4
             9486000            4644 8000036a 01912a23 sw               x25, 20(x2)         x25:00000000  x2:8000add4  PA:8000ade8
             9532000            4667 8000036c 00712c23 sw               x7, 24(x2)           x7:0000000e  x2:8000add4  PA:8000adec
             9540000            4671 8000036e 01c12e23 sw               x28, 28(x2)         x28:80000000  x2:8000add4  PA:8000adf0
             9572000            4687 80000370 03312023 sw               x19, 32(x2)         x19:fc020551  x2:8000add4  PA:8000adf4
             9628000            4715 80000372 41a3d593 srai             x11, x7, 0x41a      x11=00000000  x7:0000000e
             9630000            4716 80000376 656268b7 lui              x17, 0x65626000     x17=65626000
             9632000            4717 8000037a 00e56533 or               x10, x10, x14       x10=96675efe x10:84274482 x14:96455e7e
             9644000            4723 8000037c 00740413 addi             x8, x8, 7            x8=f2fdb420  x8:f2fdb419
             9646000            4724 8000037e 00006637 lui              x12, 0x6000         x12=00006000
             9698000            4750 80000380 00010c37 lui              x24, 0x10000        x24=00010000
             9700000            4751 80000382 0175d593 srli             x11, x11, 0x17      x11=00000000 x11:00000000
             9732000            4767 80000384 80164d97 auipc            x27, 0x80164000     x27=00164384
             9754000            4778 80000388 00b89d93 slli             x27, x17, 0xb       x27=13000000 x17:65626000
             9764000            4783 8000038c 01ee8e93 addi             x29, x29, 30        x29=0000001e x29:00000000
             9766000            4784 8000038e 00c58593 addi             x11, x11, 12        x11=0000000c x11:00000000
             9772000            4787 80000390 00844863 blt              x8, x8, 16           x8:f2fdb420  x8:f2fdb420
             9810000            4806 80000394 1a6b4f17 auipc            x30, 0x1a6b4000     x30=9a6b4394
             9834000            4818 80000398 00019637 lui              x12, 0x19000        x12=00019000
             9836000            4819 8000039a 003d0d13 addi             x26, x26, 3         x26=00000004 x26:00000001
             9842000            4822 8000039c cda92837 lui              x16, 0xcda92000     x16=cda92000
             9846000            4824 800003a0 162000ef jal              x1, 354              x1=800003a4
             9848000            4825 80000502 fe010113 addi             x2, x2, -32          x2=8000adb4  x2:8000add4
             9852000            4827 80000504 00112223 sw               x1, 4(x2)            x1:800003a4  x2:8000adb4  PA:8000adb8
             9876000            4839 80000506 00512423 sw               x5, 8(x2)            x5:0000000c  x2:8000adb4  PA:8000adbc
             9884000            4843 80000508 ff7f0f13 addi             x30, x30, -9        x30=9a6b438b x30:9a6b4394
             9886000            4844 8000050a 42abcf17 auipc            x30, 0x42abc000     x30=c2abc50a
             9888000            4845 8000050e 00840413 addi             x8, x8, 8            x8=f2fdb428  x8:f2fdb420
             9908000            4855 80000510 fe488893 addi             x17, x17, -28       x17=65625fe4 x17:65626000
             9944000            4873 80000512 13dfa417 auipc            x8, 0x13dfa000       x8=93dfa512
             9946000            4874 80000516 ff088893 addi             x17, x17, -16       x17=65625fd4 x17:65625fe4
             9970000            4886 80000518 01f12623 sw               x31, 12(x2)         x31:f6a8197d  x2:8000adb4  PA:8000adc0
            10024000            4913 8000051a 01612823 sw               x22, 16(x2)         x22:80000000  x2:8000adb4  PA:8000adc4
            10048000            4925 8000051c 01912a23 sw               x25, 20(x2)         x25:00000000  x2:8000adb4  PA:8000adc8
            10062000            4932 8000051e 00712c23 sw               x7, 24(x2)           x7:0000000e  x2:8000adb4  PA:8000adcc
            10090000            4946 80000520 01c12e23 sw               x28, 28(x2)         x28:80000000  x2:8000adb4  PA:8000add0
            10114000            4958 80000522 03312023 sw               x19, 32(x2)         x19:fc020551  x2:8000adb4  PA:8000add4
            10172000            4987 80000524 84210437 lui              x8, 0x84210000       x8=84210000
            10174000            4988 80000528 01260613 addi             x12, x12, 18        x12=00019012 x12:00019000
            10176000            4989 8000052a 00013db7 lui              x27, 0x13000        x27=00013000
            10196000            4999 8000052c 00988533 add              x10, x17, x9        x10=668362d4 x17:65625fd4  x9:01210300
            10206000            5004 80000530 2cd845b7 lui              x11, 0x2cd84000     x11=2cd84000
            10260000            5031 80000534 41b45413 srai             x8, x8, 0x41b        x8=fffffff0  x8:84210000
            10262000            5032 80000536 01fa1a13 slli             x20, x20, 0x1f      x20=80000000 x20:f2fdb3f9
            10264000            5033 80000538 00ba1a13 slli             x20, x20, 0xb       x20=00000000 x20:80000000
            10304000            5053 8000053a 70708c37 lui              x24, 0x70708000     x24=70708000
            10306000            5054 8000053e 0001cab7 lui              x21, 0x1c000        x21=0001c000
            10340000            5071 80000540 ffc62b97 auipc            x23, 0xffc62000     x23=7fc62540
            10342000            5072 80000544 1c347797 auipc            x15, 0x1c347000     x15=9c347544
            10364000            5083 80000548 02706a17 auipc            x20, 0x2706000      x20=82706548
            10366000            5084 8000054c 29b86813 ori              x16, x16, 667       x16=cda9229b x16:cda92000
            10368000            5085 80000550 fe230313 addi             x6, x6, -30          x6=0000dfe2  x6:0000e000
            10370000            5086 80000552 fe1d0d13 addi             x26, x26, -31       x26=ffffffe5 x26:00000004
            10396000            5099 80000554 00a75713 srli             x14, x14, 0xa       x14=00259157 x14:96455e7e
            10398000            5100 80000556 40d50533 sub              x10, x10, x13       x10=8e7362d8 x10:668362d4 x13:d80ffffc
            10400000            5101 80000558 014a9a93 slli             x21, x21, 0x14      x21=00000000 x21:0001c000
            10402000            5102 8000055a 00771713 slli             x14, x14, 0x7       x14=12c8ab80 x14:00259157
            10406000            5104 8000055c 8c0f0537 lui              x10, 0x8c0f0000     x10=8c0f0000
            10422000            5112 80000560 b6920817 auipc            x16, 0xb6920000     x16=36920560
            10438000            5120 80000564 00540413 addi             x8, x8, 5            x8=fffffff5  x8:fffffff0
            10440000            5121 80000566 01860613 addi             x12, x12, 24        x12=0001902a x12:00019012
            10442000            5122 80000568 87b19937 lui              x18, 0x87b19000     x18=87b19000
            10456000            5129 8000056c 0001fd37 lui              x26, 0x1f000        x26=0001f000
            10458000            5130 8000056e ffb40413 addi             x8, x8, -5           x8=fffffff0  x8:fffffff5
            10460000            5131 80000570 0001a6b7 lui              x13, 0x1a000        x13=0001a000
            10478000            5140 80000572 09202713 slti             x14, x0, 146        x14=00000001
            10480000            5141 80000576 019a8a93 addi             x21, x21, 25        x21=00000019 x21:00000000
            10500000            5151 80000578 00412083 lw               x1, 4(x2)            x1=800003a4  x2:8000adb4  PA:8000adb8
            10522000            5162 8000057a 191dba97 auipc            x21, 0x191db000     x21=991db57a
            10528000            5165 8000057e 0064d893 srli             x17, x9, 0x6        x17=0004840c  x9:01210300
            10530000            5166 80000582 00812283 lw               x5, 8(x2)            x5=0000000c  x2:8000adb4  PA:8000adbc
            10554000            5178 80000584 ff380813 addi             x16, x16, -13       x16=36920553 x16:36920560
            10556000            5179 80000586 00012537 lui              x10, 0x12000        x10=00012000
            10560000            5181 80000588 00c12f83 lw               x31, 12(x2)         x31=f6a8197d  x2:8000adb4  PA:8000adc0
            10576000            5189 8000058a 01012b03 lw               x22, 16(x2)         x22=80000000  x2:8000adb4  PA:8000adc4
            10608000            5205 8000058c 010f0f13 addi             x30, x30, 16        x30=c2abc51a x30:c2abc50a
            10610000            5206 8000058e 01412c83 lw               x25, 20(x2)         x25=00000000  x2:8000adb4  PA:8000adc8
            10630000            5216 80000590 01812383 lw               x7, 24(x2)           x7=0000000e  x2:8000adb4  PA:8000adcc
            10654000            5228 80000592 42ec8897 auipc            x17, 0x42ec8000     x17=c2ec8592
            10656000            5229 80000596 01c12e03 lw               x28, 28(x2)         x28=80000000  x2:8000adb4  PA:8000add0
            10680000            5241 80000598 00490913 addi             x18, x18, 4         x18=87b19004 x18:87b19000
            10682000            5242 8000059a 02012983 lw               x19, 32(x2)         x19=fc020551  x2:8000adb4  PA:8000add4
            10738000            5270 8000059c 02010113 addi             x2, x2, 32           x2=8000add4  x2:8000adb4
            10812000            5307 8000059e 0389d933 divu             x18, x19, x24       x18=00000002 x19:fc020551 x24:70708000
            10814000            5308 800005a2 00944433 xor              x8, x8, x9           x8=fedefcf0  x8:fffffff0  x9:01210300
            10816000            5309 800005a4 00741513 slli             x10, x8, 0x7        x10=6f7e7800  x8:fedefcf0
            10828000            5315 800005a8 00008067 jalr             x0, x1, 0            x1:800003a4
            10848000            5325 800003a4 076c6517 auipc            x10, 0x76c6000      x10=876c63a4
            10858000            5330 800003a8 011b5a33 srl              x20, x22, x17       x20=00002000 x22:80000000 x17:c2ec8592
            10884000            5343 800003ac fcfb9897 auipc            x17, 0xfcfb9000     x17=7cfb93ac
            10896000            5349 800003b0 4034d493 srai             x9, x9, 0x403        x9=00242060  x9:01210300
            10948000            5375 800003b2 d15d81b7 lui              x3, 0xd15d8000       x3=d15d8000
            10950000            5376 800003b6 00e47433 and              x8, x8, x14          x8=00000000  x8:fedefcf0 x14:00000001
            10970000            5386 800003b8 01091913 slli             x18, x18, 0x10      x18=00020000 x18:00000002
            10972000            5387 800003ba ff878793 addi             x15, x15, -8        x15=9c34753c x15:9c347544
            10984000            5393 800003bc 626d94b7 lui              x9, 0x626d9000       x9=626d9000
            11006000            5404 800003c0 00769c13 slli             x24, x13, 0x7       x24=00d00000 x13:0001a000
            11022000            5412 800003c4 e5a998b7 lui              x17, 0xe5a99000     x17=e5a99000
            11024000            5413 800003c8 01970713 addi             x14, x14, 25        x14=0000001a x14:00000001
            11026000            5414 800003ca 40445413 srai             x8, x8, 0x404        x8=00000000  x8:00000000
            11040000            5421 800003cc 01919193 slli             x3, x3, 0x19         x3=00000000  x3:d15d8000
            11042000            5422 800003ce 01067613 andi             x12, x12, 16        x12=00000000 x12:0001902a
            11058000            5430 800003d0 00300a33 add              x20, x0, x3         x20=00000000  x3:00000000
            11080000            5441 800003d2 ddc03697 auipc            x13, 0xddc03000     x13=5dc033d2
            11082000            5442 800003d6 ff858593 addi             x11, x11, -8        x11=2cd83ff8 x11:2cd84000
            11100000            5451 800003d8 6c6ff197 auipc            x3, 0x6c6ff000       x3=ec6ff3d8
            11106000            5454 800003dc 412a5193 srai             x3, x20, 0x412       x3=00000000 x20:00000000
            11150000            5476 800003e0 01cc0c13 addi             x24, x24, 28        x24=00d0001c x24:00d00000
            11170000            5486 800003e2 f5510337 lui              x6, 0xf5510000       x6=f5510000
            11172000            5487 800003e6 ff5d0d13 addi             x26, x26, -11       x26=0001eff5 x26:0001f000
            11180000            5491 800003e8 000d4db3 xor              x27, x26, x0        x27=0001eff5 x26:0001eff5
            11202000            5502 800003ec 35a6df17 auipc            x30, 0x35a6d000     x30=b5a6d3ec
            11222000            5512 800003f0 00004737 lui              x14, 0x4000         x14=00004000
            11244000            5523 800003f2 01180333 add              x6, x16, x17         x6=1c3b9553 x16:36920553 x17:e5a99000
            11246000            5524 800003f6 8affa8b7 lui              x17, 0x8affa000     x17=8affa000
            11274000            5538 800003fa 00000d17 auipc            x26, 0x0            x26=800003fa
            11282000            5542 800003fe 108d0d13 addi             x26, x26, 264       x26=80000502 x26:800003fa
            11284000            5543 80000402 008484b3 add              x9, x9, x8           x9=626d9000  x9:626d9000  x8:00000000
            11304000            5553 80000404 e56b86b7 lui              x13, 0xe56b8000     x13=e56b8000
            11326000            5564 80000408 64a6e6b7 lui              x13, 0x64a6e000     x13=64a6e000
            11352000            5577 8000040c 41c2d313 srai             x6, x5, 0x41c        x6=00000000  x5:0000000c
            11362000            5582 80000410 01c4d833 srl              x16, x9, x28        x16=626d9000  x9:626d9000 x28:80000000
            11424000            5613 80000414 41845413 srai             x8, x8, 0x418        x8=00000000  x8:00000000
            11426000            5614 80000416 01f7d793 srli             x15, x15, 0x1f      x15=00000001 x15:9c34753c
            11440000            5621 80000418 1c9d0d13 addi             x26, x26, 457       x26=800006cb x26:80000502
            11474000            5638 8000041c fe060613 addi             x12, x12, -32       x12=ffffffe0 x12:00000000
            11548000            5675 8000041e 02f67633 remu             x12, x12, x15       x12=00000000 x12:ffffffe0 x15:00000001
            11552000            5677 80000422 e37d00e7 jalr             x1, x26, -457        x1=80000426 x26:800006cb
            11574000            5688 80000502 fe010113 addi             x2, x2, -32          x2=8000adb4  x2:8000add4
            11590000            5696 80000504 00112223 sw               x1, 4(x2)            x1:80000426  x2:8000adb4  PA:8000adb8
            11634000            5718 80000506 00512423 sw               x5, 8(x2)            x5:0000000c  x2:8000adb4  PA:8000adbc
            11638000            5720 80000508 ff7f0f13 addi             x30, x30, -9        x30=b5a6d3e3 x30:b5a6d3ec
            11640000            5721 8000050a 42abcf17 auipc            x30, 0x42abc000     x30=c2abc50a
            11642000            5722 8000050e 00840413 addi             x8, x8, 8            x8=00000008  x8:00000000
            11688000            5745 80000510 fe488893 addi             x17, x17, -28       x17=8aff9fe4 x17:8affa000
            11712000            5757 80000512 13dfa417 auipc            x8, 0x13dfa000       x8=93dfa512
            11714000            5758 80000516 ff088893 addi             x17, x17, -16       x17=8aff9fd4 x17:8aff9fe4
            11722000            5762 80000518 01f12623 sw               x31, 12(x2)         x31:f6a8197d  x2:8000adb4  PA:8000adc0
            11740000            5771 8000051a 01612823 sw               x22, 16(x2)         x22:80000000  x2:8000adb4  PA:8000adc4
            11770000            5786 8000051c 01912a23 sw               x25, 20(x2)         x25:00000000  x2:8000adb4  PA:8000adc8
            11834000            5818 8000051e 00712c23 sw               x7, 24(x2)           x7:0000000e  x2:8000adb4  PA:8000adcc
            11854000            5828 80000520 01c12e23 sw               x28, 28(x2)         x28:80000000  x2:8000adb4  PA:8000add0
            11884000            5843 80000522 03312023 sw               x19, 32(x2)         x19:fc020551  x2:8000adb4  PA:8000add4
            11908000            5855 80000524 84210437 lui              x8, 0x84210000       x8=84210000
            11910000            5856 80000528 01260613 addi             x12, x12, 18        x12=00000012 x12:00000000
            11912000            5857 8000052a 00013db7 lui              x27, 0x13000        x27=00013000
            11922000            5862 8000052c 00988533 add              x10, x17, x9        x10=ed6d2fd4 x17:8aff9fd4  x9:626d9000
            11932000            5867 80000530 2cd845b7 lui              x11, 0x2cd84000     x11=2cd84000
            11974000            5888 80000534 41b45413 srai             x8, x8, 0x41b        x8=fffffff0  x8:84210000
            11976000            5889 80000536 01fa1a13 slli             x20, x20, 0x1f      x20=00000000 x20:00000000
            11978000            5890 80000538 00ba1a13 slli             x20, x20, 0xb       x20=00000000 x20:00000000
            11994000            5898 8000053a 70708c37 lui              x24, 0x70708000     x24=70708000
            11996000            5899 8000053e 0001cab7 lui              x21, 0x1c000        x21=0001c000
            12016000            5909 80000540 ffc62b97 auipc            x23, 0xffc62000     x23=7fc62540
            12038000            5920 80000544 1c347797 auipc            x15, 0x1c347000     x15=9c347544
            12080000            5941 80000548 02706a17 auipc            x20, 0x2706000      x20=82706548
            12096000            5949 8000054c 29b86813 ori              x16, x16, 667       x16=626d929b x16:626d9000
            12104000            5953 80000550 fe230313 addi             x6, x6, -30          x6=ffffffe2  x6:00000000
            12106000            5954 80000552 fe1d0d13 addi             x26, x26, -31       x26=800006ac x26:800006cb
            12146000            5974 80000554 00a75713 srli             x14, x14, 0xa       x14=00000010 x14:00004000
            12148000            5975 80000556 40d50533 sub              x10, x10, x13       x10=88c64fd4 x10:ed6d2fd4 x13:64a6e000
            12160000            5981 80000558 014a9a93 slli             x21, x21, 0x14      x21=00000000 x21:0001c000
            12162000            5982 8000055a 00771713 slli             x14, x14, 0x7       x14=00000800 x14:00000010
            12182000            5992 8000055c 8c0f0537 lui              x10, 0x8c0f0000     x10=8c0f0000
            12206000            6004 80000560 b6920817 auipc            x16, 0xb6920000     x16=36920560
            12226000            6014 80000564 00540413 addi             x8, x8, 5            x8=fffffff5  x8:fffffff0
            12228000            6015 80000566 01860613 addi             x12, x12, 24        x12=0000002a x12:00000012
            12262000            6032 80000568 87b19937 lui              x18, 0x87b19000     x18=87b19000
            12314000            6058 8000056c 0001fd37 lui              x26, 0x1f000        x26=0001f000
            12316000            6059 8000056e ffb40413 addi             x8, x8, -5           x8=fffffff0  x8:fffffff5
            12334000            6068 80000570 0001a6b7 lui              x13, 0x1a000        x13=0001a000
            12356000            6079 80000572 09202713 slti             x14, x0, 146        x14=00000001
            12358000            6080 80000576 019a8a93 addi             x21, x21, 25        x21=00000019 x21:00000000
            12390000            6096 80000578 00412083 lw               x1, 4(x2)            x1=80000426  x2:8000adb4  PA:8000adb8
            12394000            6098 8000057a 191dba97 auipc            x21, 0x191db000     x21=991db57a
            12414000            6108 8000057e 0064d893 srli             x17, x9, 0x6        x17=0189b640  x9:626d9000
            12416000            6109 80000582 00812283 lw               x5, 8(x2)            x5=0000000c  x2:8000adb4  PA:8000adbc
            12446000            6124 80000584 ff380813 addi             x16, x16, -13       x16=36920553 x16:36920560
            12448000            6125 80000586 00012537 lui              x10, 0x12000        x10=00012000
            12468000            6135 80000588 00c12f83 lw               x31, 12(x2)         x31=f6a8197d  x2:8000adb4  PA:8000adc0
            12476000            6139 8000058a 01012b03 lw               x22, 16(x2)         x22=80000000  x2:8000adb4  PA:8000adc4
            12492000            6147 8000058c 010f0f13 addi             x30, x30, 16        x30=c2abc51a x30:c2abc50a
            12494000            6148 8000058e 01412c83 lw               x25, 20(x2)         x25=00000000  x2:8000adb4  PA:8000adc8
            12506000            6154 80000590 01812383 lw               x7, 24(x2)           x7=0000000e  x2:8000adb4  PA:8000adcc
            12540000            6171 80000592 42ec8897 auipc            x17, 0x42ec8000     x17=c2ec8592
            12542000            6172 80000596 01c12e03 lw               x28, 28(x2)         x28=80000000  x2:8000adb4  PA:8000add0
            12546000            6174 80000598 00490913 addi             x18, x18, 4         x18=87b19004 x18:87b19000
            12548000            6175 8000059a 02012983 lw               x19, 32(x2)         x19=fc020551  x2:8000adb4  PA:8000add4
            12574000            6188 8000059c 02010113 addi             x2, x2, 32           x2=8000add4  x2:8000adb4
            12680000            6241 8000059e 0389d933 divu             x18, x19, x24       x18=00000002 x19:fc020551 x24:70708000
            12682000            6242 800005a2 00944433 xor              x8, x8, x9           x8=9d926ff0  x8:fffffff0  x9:626d9000
            12684000            6243 800005a4 00741513 slli             x10, x8, 0x7        x10=c937f800  x8:9d926ff0
            12688000            6245 800005a8 00008067 jalr             x0, x1, 0            x1:80000426
            12710000            6256 80000426 41b45413 srai             x8, x8, 0x41b        x8=fffffff3  x8:9d926ff0
            12730000            6266 80000428 72fdb417 auipc            x8, 0x72fdb000       x8=f2fdb428
            12736000            6269 8000042c fe3d0d13 addi             x26, x26, -29       x26=0001efe3 x26:0001f000
            12738000            6270 8000042e 01de9e93 slli             x29, x29, 0x1d      x29=c0000000 x29:0000001e
            12758000            6280 80000430 0197d793 srli             x15, x15, 0x19      x15=0000004e x15:9c347544
            12760000            6281 80000432 00412083 lw               x1, 4(x2)            x1=800004c8  x2:8000add4  PA:8000add8
            12802000            6302 80000434 00812283 lw               x5, 8(x2)            x5=0000000c  x2:8000add4  PA:8000addc
            12846000            6324 80000436 12a62813 slti             x16, x12, 298       x16=00000001 x12:0000002a
            12848000            6325 8000043a 000177b7 lui              x15, 0x17000        x15=00017000
            12876000            6339 8000043c 00c12f83 lw               x31, 12(x2)         x31=f6a8197d  x2:8000add4  PA:8000ade0
            12918000            6360 8000043e 01012b03 lw               x22, 16(x2)         x22=80000000  x2:8000add4  PA:8000ade4
            12946000            6374 80000440 01412c83 lw               x25, 20(x2)         x25=00000000  x2:8000add4  PA:8000ade8
            13004000            6403 80000442 01812383 lw               x7, 24(x2)           x7=0000000e  x2:8000add4  PA:8000adec
            13048000            6425 80000444 01c12e03 lw               x28, 28(x2)         x28=80000000  x2:8000add4  PA:8000adf0
            13084000            6443 80000446 00000013 nop                                 
            13086000            6444 80000448 02012983 lw               x19, 32(x2)         x19=fc020551  x2:8000add4  PA:8000adf4
            13110000            6456 8000044a 02010113 addi             x2, x2, 32           x2=8000adf4  x2:8000add4
            13112000            6457 8000044c 01cd0d13 addi             x26, x26, 28        x26=0001efff x26:0001efe3
            13116000            6459 8000044e 00008067 jalr             x0, x1, 0            x1:800004c8
            13128000            6465 800004c8 01468693 addi             x13, x13, 20        x13=0001a014 x13:0001a000
            13146000            6474 800004ca 39b2df17 auipc            x30, 0x39b2d000     x30=b9b2d4ca
            13154000            6478 800004ce 0231ba33 mulhu            x20, x3, x3         x20=00000000  x3:00000000  x3:00000000
            13156000            6479 800004d2 40c75713 srai             x14, x14, 0x40c     x14=00000000 x14:00000001
            13210000            6506 800004d4 00275713 srli             x14, x14, 0x2       x14=00000000 x14:00000000
            13212000            6507 800004d6 4076d693 srai             x13, x13, 0x407     x13=00000340 x13:0001a014
            13232000            6517 800004d8 40f55513 srai             x10, x10, 0x40f     x10=ffff926f x10:c937f800
            13234000            6518 800004da 013a1a13 slli             x20, x20, 0x13      x20=00000000 x20:00000000
            13236000            6519 800004dc ff7e8e93 addi             x29, x29, -9        x29=bffffff7 x29:c0000000
            13238000            6520 800004de 00412083 lw               x1, 4(x2)            x1=800001b0  x2:8000adf4  PA:8000adf8
            13262000            6532 800004e0 00812283 lw               x5, 8(x2)            x5=0000000c  x2:8000adf4  PA:8000adfc
            13274000            6538 800004e2 00000013 nop                                 
            13286000            6544 800004e4 00c12f83 lw               x31, 12(x2)         x31=f6a8197d  x2:8000adf4  PA:8000ae00
            13310000            6556 800004e6 01012b03 lw               x22, 16(x2)         x22=80000000  x2:8000adf4  PA:8000ae04
            13318000            6560 800004e8 00013637 lui              x12, 0x13000        x12=00013000
            13320000            6561 800004ea 4137d793 srai             x15, x15, 0x413     x15=00000000 x15:00017000
            13330000            6566 800004ec 01412c83 lw               x25, 20(x2)         x25=00000000  x2:8000adf4  PA:8000ae08
            13334000            6568 800004ee 01812383 lw               x7, 24(x2)           x7=0000000e  x2:8000adf4  PA:8000ae0c
            13358000            6580 800004f0 00b40433 add              x8, x8, x11          x8=1fd5f428  x8:f2fdb428 x11:2cd84000
            13360000            6581 800004f2 01c12e03 lw               x28, 28(x2)         x28=80000000  x2:8000adf4  PA:8000ae10
            13398000            6600 800004f4 02012983 lw               x19, 32(x2)         x19=fc020551  x2:8000adf4  PA:8000ae14
            13434000            6618 800004f6 e2218517 auipc            x10, 0xe2218000     x10=622184f6
            13436000            6619 800004fa 02810113 addi             x2, x2, 40           x2=8000ae1c  x2:8000adf4
            13438000            6620 800004fe fee80813 addi             x16, x16, -18       x16=ffffffef x16:00000001
            13458000            6630 80000500 00008067 jalr             x0, x1, 0            x1:800001b0
            13478000            6640 800001b0 ff730313 addi             x6, x6, -9           x6=ffffffd9  x6:ffffffe2
            13500000            6651 800001b2 e48885b7 lui              x11, 0xe4888000     x11=e4888000
            13502000            6652 800001b6 4067d793 srai             x15, x15, 0x406     x15=00000000 x15:00000000
            13522000            6662 800001b8 104c8537 lui              x10, 0x104c8000     x10=104c8000
            13544000            6673 800001bc 7b9c6517 auipc            x10, 0x7b9c6000     x10=fb9c61bc
            13552000            6677 800001c0 00100193 addi             x3, x0, 1            x3=00000001
            13554000            6678 800001c2 00000073 ecall                               
